<?xml version="1.0" encoding="UTF-8"?>
<!-- Generated by org.testng.reporters.JUnitXMLReporter -->
<testsuite ignored="0" hostname="LAPTOP-HCJ7CJO6" failures="0" tests="4" name="Default test" time="16.231" errors="0" timestamp="2022-10-11T19:00:39 IST">
  <testcase classname="com.vyasa.testng.basics.DataProviderDemo" name="VerifyUserLogin" time="3.046"/>
  <testcase classname="com.vyasa.testng.basics.DataProviderDemo" name="VerifyUserLogin" time="3.314"/>
  <testcase classname="com.vyasa.testng.basics.DataProviderDemo" name="VerifyUserLogin" time="2.724"/>
  <testcase classname="com.vyasa.testng.basics.DataProviderDemo" name="VerifyUserLogin" time="2.373"/>
</testsuite> <!-- Default test -->
