<?xml version="1.0" encoding="UTF-8"?>
<!-- Generated by org.testng.reporters.JUnitXMLReporter -->
<testsuite ignored="0" hostname="LAPTOP-HCJ7CJO6" failures="0" tests="4" name="Test" time="35.902" errors="0" timestamp="2022-10-11T19:01:50 IST">
  <testcase classname="com.vyasa.testng.basics.DataProviderDemo" name="VerifyUserLogin" time="1.686"/>
  <testcase classname="com.vyasa.testng.basics.DataProviderDemo" name="VerifyUserLogin" time="23.773"/>
  <testcase classname="com.vyasa.testng.basics.DataProviderDemo" name="VerifyUserLogin" time="2.771"/>
  <testcase classname="com.vyasa.testng.basics.DataProviderDemo" name="VerifyUserLogin" time="2.889"/>
</testsuite> <!-- Test -->
